<?xml version="1.0" encoding="UTF-8"?>
<trace:TraceModel xmi:version="2.0" xmlns:xmi="http://www.omg.org/XMI" xmlns:trace="http://www.eclipse.org/gmf/2006/Trace">
  <nodeTraces visualID="2003" queryText="(let _eClass_:ecore::EClass = modelFacet.metaClass.ecoreClass in _eClass_.ePackage.nsURI = 'http://repast.sf.net/statecharts' and _eClass_.name = 'State') and (let _containmentMF_:ecore::EStructuralFeature = modelFacet.containmentMetaFeature.ecoreFeature in (let _eClass_:ecore::EClass = _containmentMF_.eContainingClass in _eClass_.ePackage.nsURI = 'http://repast.sf.net/statecharts' and _eClass_.name = 'StateMachine') and _containmentMF_.name = 'states')">
    <nodeLabelTraces visualID="5001" queryText="true"/>
  </nodeTraces>
  <nodeTraces visualID="2004" queryText="(let _eClass_:ecore::EClass = modelFacet.metaClass.ecoreClass in _eClass_.ePackage.nsURI = 'http://repast.sf.net/statecharts' and _eClass_.name = 'CompositeState') and (let _containmentMF_:ecore::EStructuralFeature = modelFacet.containmentMetaFeature.ecoreFeature in (let _eClass_:ecore::EClass = _containmentMF_.eContainingClass in _eClass_.ePackage.nsURI = 'http://repast.sf.net/statecharts' and _eClass_.name = 'StateMachine') and _containmentMF_.name = 'states')">
    <nodeLabelTraces visualID="5004" queryText="true"/>
    <compartmentTraces visualID="7001" queryText="true"/>
  </nodeTraces>
  <nodeTraces visualID="2005" queryText="(let _eClass_:ecore::EClass = modelFacet.metaClass.ecoreClass in _eClass_.ePackage.nsURI = 'http://repast.sf.net/statecharts' and _eClass_.name = 'PseudoState') and (let _containmentMF_:ecore::EStructuralFeature = modelFacet.containmentMetaFeature.ecoreFeature in (let _eClass_:ecore::EClass = _containmentMF_.eContainingClass in _eClass_.ePackage.nsURI = 'http://repast.sf.net/statecharts' and _eClass_.name = 'StateMachine') and _containmentMF_.name = 'states')"/>
  <nodeTraces visualID="2006" queryText="(let _eClass_:ecore::EClass = modelFacet.metaClass.ecoreClass in _eClass_.ePackage.nsURI = 'http://repast.sf.net/statecharts' and _eClass_.name = 'PseudoState') and (let _containmentMF_:ecore::EStructuralFeature = modelFacet.containmentMetaFeature.ecoreFeature in (let _eClass_:ecore::EClass = _containmentMF_.eContainingClass in _eClass_.ePackage.nsURI = 'http://repast.sf.net/statecharts' and _eClass_.name = 'StateMachine') and _containmentMF_.name = 'states')"/>
  <nodeTraces visualID="2007" queryText="(let _eClass_:ecore::EClass = modelFacet.metaClass.ecoreClass in _eClass_.ePackage.nsURI = 'http://repast.sf.net/statecharts' and _eClass_.name = 'PseudoState') and (let _containmentMF_:ecore::EStructuralFeature = modelFacet.containmentMetaFeature.ecoreFeature in (let _eClass_:ecore::EClass = _containmentMF_.eContainingClass in _eClass_.ePackage.nsURI = 'http://repast.sf.net/statecharts' and _eClass_.name = 'StateMachine') and _containmentMF_.name = 'states')"/>
  <nodeTraces visualID="2008" queryText="(let _eClass_:ecore::EClass = modelFacet.metaClass.ecoreClass in _eClass_.ePackage.nsURI = 'http://repast.sf.net/statecharts' and _eClass_.name = 'FinalState') and (let _containmentMF_:ecore::EStructuralFeature = modelFacet.containmentMetaFeature.ecoreFeature in (let _eClass_:ecore::EClass = _containmentMF_.eContainingClass in _eClass_.ePackage.nsURI = 'http://repast.sf.net/statecharts' and _eClass_.name = 'StateMachine') and _containmentMF_.name = 'states')"/>
  <childNodeTraces visualID="3001" queryText="(let _eClass_:ecore::EClass = modelFacet.metaClass.ecoreClass in _eClass_.ePackage.nsURI = 'http://repast.sf.net/statecharts' and _eClass_.name = 'State') and (let _containmentMF_:ecore::EStructuralFeature = modelFacet.containmentMetaFeature.ecoreFeature in (let _eClass_:ecore::EClass = _containmentMF_.eContainingClass in _eClass_.ePackage.nsURI = 'http://repast.sf.net/statecharts' and _eClass_.name = 'CompositeState') and _containmentMF_.name = 'children')">
    <nodeLabelTraces visualID="5002" queryText="true"/>
  </childNodeTraces>
  <childNodeTraces visualID="3002" queryText="(let _eClass_:ecore::EClass = modelFacet.metaClass.ecoreClass in _eClass_.ePackage.nsURI = 'http://repast.sf.net/statecharts' and _eClass_.name = 'CompositeState') and (let _containmentMF_:ecore::EStructuralFeature = modelFacet.containmentMetaFeature.ecoreFeature in (let _eClass_:ecore::EClass = _containmentMF_.eContainingClass in _eClass_.ePackage.nsURI = 'http://repast.sf.net/statecharts' and _eClass_.name = 'CompositeState') and _containmentMF_.name = 'children')">
    <nodeLabelTraces visualID="5003" queryText="true"/>
    <compartmentTraces visualID="7002" queryText="true"/>
  </childNodeTraces>
  <childNodeTraces visualID="3003" queryText="(let _eClass_:ecore::EClass = modelFacet.metaClass.ecoreClass in _eClass_.ePackage.nsURI = 'http://repast.sf.net/statecharts' and _eClass_.name = 'PseudoState') and (let _containmentMF_:ecore::EStructuralFeature = modelFacet.containmentMetaFeature.ecoreFeature in (let _eClass_:ecore::EClass = _containmentMF_.eContainingClass in _eClass_.ePackage.nsURI = 'http://repast.sf.net/statecharts' and _eClass_.name = 'CompositeState') and _containmentMF_.name = 'children')"/>
  <childNodeTraces visualID="3006" queryText="(let _eClass_:ecore::EClass = modelFacet.metaClass.ecoreClass in _eClass_.ePackage.nsURI = 'http://repast.sf.net/statecharts' and _eClass_.name = 'PseudoState') and (let _containmentMF_:ecore::EStructuralFeature = modelFacet.containmentMetaFeature.ecoreFeature in (let _eClass_:ecore::EClass = _containmentMF_.eContainingClass in _eClass_.ePackage.nsURI = 'http://repast.sf.net/statecharts' and _eClass_.name = 'CompositeState') and _containmentMF_.name = 'children')"/>
  <childNodeTraces visualID="3007" queryText="(let _eClass_:ecore::EClass = modelFacet.metaClass.ecoreClass in _eClass_.ePackage.nsURI = 'http://repast.sf.net/statecharts' and _eClass_.name = 'FinalState') and (let _containmentMF_:ecore::EStructuralFeature = modelFacet.containmentMetaFeature.ecoreFeature in (let _eClass_:ecore::EClass = _containmentMF_.eContainingClass in _eClass_.ePackage.nsURI = 'http://repast.sf.net/statecharts' and _eClass_.name = 'CompositeState') and _containmentMF_.name = 'children')"/>
  <childNodeTraces visualID="3008" queryText="(let _eClass_:ecore::EClass = modelFacet.metaClass.ecoreClass in _eClass_.ePackage.nsURI = 'http://repast.sf.net/statecharts' and _eClass_.name = 'History') and (let _containmentMF_:ecore::EStructuralFeature = modelFacet.containmentMetaFeature.ecoreFeature in (let _eClass_:ecore::EClass = _containmentMF_.eContainingClass in _eClass_.ePackage.nsURI = 'http://repast.sf.net/statecharts' and _eClass_.name = 'CompositeState') and _containmentMF_.name = 'children')"/>
  <childNodeTraces visualID="3009" queryText="(let _eClass_:ecore::EClass = modelFacet.metaClass.ecoreClass in _eClass_.ePackage.nsURI = 'http://repast.sf.net/statecharts' and _eClass_.name = 'History') and (let _containmentMF_:ecore::EStructuralFeature = modelFacet.containmentMetaFeature.ecoreFeature in (let _eClass_:ecore::EClass = _containmentMF_.eContainingClass in _eClass_.ePackage.nsURI = 'http://repast.sf.net/statecharts' and _eClass_.name = 'CompositeState') and _containmentMF_.name = 'children')"/>
  <linkTraces visualID="4001" queryText="modelFacet.oclIsKindOf(gmfgen::TypeLinkModelFacet) and (let _eClass_:ecore::EClass = modelFacet.oclAsType(gmfgen::TypeLinkModelFacet).metaClass.ecoreClass in _eClass_.ePackage.nsURI = 'http://repast.sf.net/statecharts' and _eClass_.name = 'Transition')"/>
</trace:TraceModel>
